C51 COMPILER V9.60.0.0   COMMON                                                            03/05/2020 09:10:40 PAGE 1   


C51 COMPILER V9.60.0.0, COMPILATION OF MODULE COMMON
OBJECT MODULE PLACED IN .\Objects\Common.obj
COMPILER INVOKED BY: C:\Keil_v5\C51\BIN\C51.EXE ..\..\..\material\N76E003_BSP_Keil_C51_V1.0.6\N76E003_BSP_Keil_C51_V1.0.
                    -6\Common\Common.c OPTIMIZE(8,SPEED) DEBUG OBJECTEXTEND PRINT(.\Listings\Common.lst) TABS(2) OBJECT(.\Objects\Common.obj)

line level    source

   1          /*--------------------------------------------------------------------------------------------------------
             --*/
   2          /*                                                                                                        
             - */
   3          /* Copyright(c) 2016 Nuvoton Technology Corp. All rights reserved.                                        
             - */
   4          /*                                                                                                        
             - */
   5          /*--------------------------------------------------------------------------------------------------------
             --*/
   6          
   7          //********************************************************************************************************
             -***
   8          //  Nuvoton Technoledge Corp. 
   9          //  Website: http://www.nuvoton.com
  10          //  E-Mail : MicroC-8bit@nuvoton.com
  11          //  Date   : Apr/21/2016
  12          //********************************************************************************************************
             -***
  13          
  14          #include "N76E003.h"
  15          #include "Common.h"
*** WARNING C318 IN LINE 15 OF ..\..\..\material\N76E003_BSP_Keil_C51_V1.0.6\N76E003_BSP_Keil_C51_V1.0.6\Common\Common.c
             -: can't open file 'Common.h'
  16          #include "Delay.h"
*** WARNING C318 IN LINE 16 OF ..\..\..\material\N76E003_BSP_Keil_C51_V1.0.6\N76E003_BSP_Keil_C51_V1.0.6\Common\Common.c
             -: can't open file 'Delay.h'
  17          #include "SFR_Macro.h"
*** WARNING C318 IN LINE 17 OF ..\..\..\material\N76E003_BSP_Keil_C51_V1.0.6\N76E003_BSP_Keil_C51_V1.0.6\Common\Common.c
             -: can't open file 'SFR_Macro.h'
  18          #include "Function_define.h"
*** WARNING C318 IN LINE 18 OF ..\..\..\material\N76E003_BSP_Keil_C51_V1.0.6\N76E003_BSP_Keil_C51_V1.0.6\Common\Common.c
             -: can't open file 'Function_define.h'
  19          
  20          //----------------------------------------------------------------------------------
  21          // UART0 baud rate initial setting 
  22          //----------------------------------------------------------------------------------
  23          void InitialUART0_Timer1(UINT32 u32Baudrate)    //T1M = 1, SMOD = 1
*** ERROR C141 IN LINE 23 OF ..\..\..\material\N76E003_BSP_Keil_C51_V1.0.6\N76E003_BSP_Keil_C51_V1.0.6\Common\Common.c: 
             -syntax error near 'u32Baudrate', expected ')'
  24          {
  25   1          P06_Quasi_Mode;   //Setting UART pin as Quasi mode for transmit
*** ERROR C202 IN LINE 25 OF ..\..\..\material\N76E003_BSP_Keil_C51_V1.0.6\N76E003_BSP_Keil_C51_V1.0.6\Common\Common.c: 
             -'P06_Quasi_Mode': undefined identifier
  26   1          P07_Quasi_Mode;   //Setting UART pin as Quasi mode for transmit
*** ERROR C202 IN LINE 26 OF ..\..\..\material\N76E003_BSP_Keil_C51_V1.0.6\N76E003_BSP_Keil_C51_V1.0.6\Common\Common.c: 
             -'P07_Quasi_Mode': undefined identifier
  27   1        
  28   1          SCON = 0x50;      //UART0 Mode1,REN=1,TI=1
  29   1          TMOD |= 0x20;     //Timer1 Mode1
  30   1          
  31   1          set_SMOD;         //UART0 Double Rate Enable
*** ERROR C202 IN LINE 31 OF ..\..\..\material\N76E003_BSP_Keil_C51_V1.0.6\N76E003_BSP_Keil_C51_V1.0.6\Common\Common.c: 
             -'set_SMOD': undefined identifier
C51 COMPILER V9.60.0.0   COMMON                                                            03/05/2020 09:10:40 PAGE 2   

  32   1          set_T1M;
*** ERROR C202 IN LINE 32 OF ..\..\..\material\N76E003_BSP_Keil_C51_V1.0.6\N76E003_BSP_Keil_C51_V1.0.6\Common\Common.c: 
             -'set_T1M': undefined identifier
  33   1          clr_BRCK;         //Serial port 0 baud rate clock source = Timer1
*** ERROR C202 IN LINE 33 OF ..\..\..\material\N76E003_BSP_Keil_C51_V1.0.6\N76E003_BSP_Keil_C51_V1.0.6\Common\Common.c: 
             -'clr_BRCK': undefined identifier
  34   1       
  35   1      #ifdef FOSC_160000
                  TH1 = 256 - (1000000/u32Baudrate+1);               /*16 MHz */
              #endif      
  38   1      #ifdef FOSC_166000
                  TH1 = 256 - (1037500/u32Baudrate);                 /*16.6 MHz */
              #endif
  41   1          set_TR1;
*** ERROR C202 IN LINE 41 OF ..\..\..\material\N76E003_BSP_Keil_C51_V1.0.6\N76E003_BSP_Keil_C51_V1.0.6\Common\Common.c: 
             -'set_TR1': undefined identifier
  42   1          set_TI;           //For printf function must setting TI = 1
*** ERROR C202 IN LINE 42 OF ..\..\..\material\N76E003_BSP_Keil_C51_V1.0.6\N76E003_BSP_Keil_C51_V1.0.6\Common\Common.c: 
             -'set_TI': undefined identifier
  43   1      }
  44          //---------------------------------------------------------------
  45          void InitialUART0_Timer3(UINT32 u32Baudrate) //use timer3 as Baudrate generator
*** ERROR C141 IN LINE 45 OF ..\..\..\material\N76E003_BSP_Keil_C51_V1.0.6\N76E003_BSP_Keil_C51_V1.0.6\Common\Common.c: 
             -syntax error near 'u32Baudrate', expected ')'
  46          {
  47   1          P06_Quasi_Mode;   //Setting UART pin as Quasi mode for transmit
*** ERROR C202 IN LINE 47 OF ..\..\..\material\N76E003_BSP_Keil_C51_V1.0.6\N76E003_BSP_Keil_C51_V1.0.6\Common\Common.c: 
             -'P06_Quasi_Mode': undefined identifier
  48   1          P07_Quasi_Mode;   //Setting UART pin as Quasi mode for transmit 
*** ERROR C202 IN LINE 48 OF ..\..\..\material\N76E003_BSP_Keil_C51_V1.0.6\N76E003_BSP_Keil_C51_V1.0.6\Common\Common.c: 
             -'P07_Quasi_Mode': undefined identifier
  49   1        
  50   1          SCON = 0x50;     //UART0 Mode1,REN=1,TI=1
  51   1          set_SMOD;        //UART0 Double Rate Enable
*** ERROR C202 IN LINE 51 OF ..\..\..\material\N76E003_BSP_Keil_C51_V1.0.6\N76E003_BSP_Keil_C51_V1.0.6\Common\Common.c: 
             -'set_SMOD': undefined identifier
  52   1          T3CON &= 0xF8;   //T3PS2=0,T3PS1=0,T3PS0=0(Prescale=1)
  53   1          set_BRCK;        //UART0 baud rate clock source = Timer3
*** ERROR C202 IN LINE 53 OF ..\..\..\material\N76E003_BSP_Keil_C51_V1.0.6\N76E003_BSP_Keil_C51_V1.0.6\Common\Common.c: 
             -'set_BRCK': undefined identifier
  54   1      
  55   1      #ifdef FOSC_160000
                  RH3    = HIBYTE(65536 - (1000000/u32Baudrate)-1);     /*16 MHz */
                  RL3    = LOBYTE(65536 - (1000000/u32Baudrate)-1);     /*16 MHz */
              #endif
  59   1      #ifdef FOSC_166000
                  RH3    = HIBYTE(65536 - (1037500/u32Baudrate));       /*16.6 MHz */
                  RL3    = LOBYTE(65536 - (1037500/u32Baudrate));       /*16.6 MHz */
              #endif
  63   1          set_TR3;         //Trigger Timer3
*** ERROR C202 IN LINE 63 OF ..\..\..\material\N76E003_BSP_Keil_C51_V1.0.6\N76E003_BSP_Keil_C51_V1.0.6\Common\Common.c: 
             -'set_TR3': undefined identifier
  64   1          set_TI;          //For printf function must setting TI = 1
*** ERROR C202 IN LINE 64 OF ..\..\..\material\N76E003_BSP_Keil_C51_V1.0.6\N76E003_BSP_Keil_C51_V1.0.6\Common\Common.c: 
             -'set_TI': undefined identifier
  65   1      }
  66          
  67          UINT8 Receive_Data_From_UART0(void)
*** ERROR C129 IN LINE 67 OF ..\..\..\material\N76E003_BSP_Keil_C51_V1.0.6\N76E003_BSP_Keil_C51_V1.0.6\Common\Common.c: 
             -missing ';' before 'Receive_Data_From_UART0'
  68          {
  69              UINT8 c;
C51 COMPILER V9.60.0.0   COMMON                                                            03/05/2020 09:10:40 PAGE 3   

  70              while (!RI);
  71              c = SBUF;
  72              RI = 0;
  73              return (c);
  74          }
  75          
  76          void Send_Data_To_UART0 (UINT8 c)
  77          {
  78              TI = 0;
  79              SBUF = c;
  80              while(TI==0);
  81          }
  82          
  83          
  84          //----------------------------------------------------------------------------------
  85          // UART1 baud rate initial setting 
  86          //----------------------------------------------------------------------------------
  87          void InitialUART1_Timer3(UINT32 u32Baudrate) //use timer3 as Baudrate generator
  88          {
  89              P02_Quasi_Mode;   //Setting UART pin as Quasi mode for transmit
  90              P16_Quasi_Mode;   //Setting UART pin as Quasi mode for transmit
  91            
  92              SCON_1 = 0x50;    //UART1 Mode1,REN_1=1,TI_1=1
  93              T3CON = 0x08;     //T3PS2=0,T3PS1=0,T3PS0=0(Prescale=1), UART1 in MODE 1
  94              clr_BRCK;
  95            
  96          #ifdef FOSC_160000
                  RH3    = HIBYTE(65536 - (1000000/u32Baudrate)-1);     /*16 MHz */
                  RL3    = LOBYTE(65536 - (1000000/u32Baudrate)-1);     /*16 MHz */
              #endif
 100          #ifdef FOSC_166000
                  RH3    = HIBYTE(65536 - (1037500/u32Baudrate));       /*16.6 MHz */
                  RL3    = LOBYTE(65536 - (1037500/u32Baudrate));       /*16.6 MHz */
              #endif
 104              set_TR3;         //Trigger Timer3
 105          }
 106          
 107          UINT8 Receive_Data_From_UART1(void)
 108          {
 109              UINT8 c;
 110              
 111              while (!RI_1);
 112              c = SBUF_1;
 113              RI_1 = 0;
 114              return (c);
 115          }
 116          
 117          void Send_Data_To_UART1 (UINT8 c)
 118          {
 119              TI_1 = 0;
 120              SBUF_1 = c;
 121              while(TI_1==0);
 122          }
 123          
 124          
 125          /*==========================================================================*/
 126          #ifdef SW_Reset
              void SW_Reset(void)
              {
                  TA = 0xAA;
                  TA = 0x55;
                  set_SWRST;
C51 COMPILER V9.60.0.0   COMMON                                                            03/05/2020 09:10:40 PAGE 4   

              }
              #endif
 134          /*==========================================================================*/

C51 COMPILATION COMPLETE.  4 WARNING(S),  16 ERROR(S)
