C51 COMPILER V9.60.0.0   DELAY                                                             02/28/2020 16:12:19 PAGE 1   


C51 COMPILER V9.60.0.0, COMPILATION OF MODULE DELAY
OBJECT MODULE PLACED IN .\Objects\Delay.obj
COMPILER INVOKED BY: C:\Keil_v5\C51\BIN\C51.EXE ..\..\material\N76E003_BSP_Keil_C51_V1.0.6\N76E003_BSP_Keil_C51_V1.0.6\C
                    -ommon\Delay.c OPTIMIZE(8,SPEED) BROWSE INCDIR(..\..\material\N76E003_BSP_Keil_C51_V1.0.6\N76E003_BSP_Keil_C51_V1.0.6\Inc
                    -lude) DEFINE(FOSC_16000) DEBUG OBJECTEXTEND PRINT(.\Listings\Delay.lst) TABS(2) OBJECT(.\Objects\Delay.obj)

line level    source

   1          /*--------------------------------------------------------------------------------------------------------
             --*/
   2          /*                                                                                                        
             - */
   3          /* Copyright(c) 2016 Nuvoton Technology Corp. All rights reserved.                                        
             - */
   4          /*                                                                                                        
             - */
   5          /*--------------------------------------------------------------------------------------------------------
             --*/
   6          
   7          //********************************************************************************************************
             -***
   8          //  Nuvoton Technoledge Corp. 
   9          //  Website: http://www.nuvoton.com
  10          //  E-Mail : MicroC-8bit@nuvoton.com
  11          //  Date   : Apr/21/2016
  12          //********************************************************************************************************
             -***
  13          
  14          #include "N76E003.h"
  15          #include "Common.h"
  16          #include "Delay.h"
  17          #include "SFR_Macro.h"
  18          #include "Function_define.h"
  19          bit BIT_TMP;
  20          
  21          //-------------------------------------------------------------------------
  22          
  23          //------------------------------------------------------------------------------
  24          
  25          //------------------------------------------------------------------------------
  26          void Timer1_Delay10ms(UINT32 u32CNT)
  27          {
  28   1          clr_T1M;                                    //T1M=0, Timer1 Clock = Fsys/12
  29   1          TMOD |= 0x10;                               //Timer1 is 16-bit mode
  30   1          set_TR1;                                    //Start Timer1
  31   1          while (u32CNT != 0)
  32   1          {
  33   2           
  34   2         
  35   2              while (TF1 != 1);                       //Check Timer1 Time-Out Flag
  36   2              clr_TF1;
  37   2              u32CNT --;
  38   2          }
  39   1          clr_TR1;                                    //Stop Timer1
  40   1      }
  41          //------------------------------------------------------------------------------
  42          void Timer2_Delay500us(UINT32 u32CNT)
  43          {
  44   1          clr_T2DIV2;                                 //Timer2 Clock = Fsys/4 
  45   1          clr_T2DIV1;
  46   1          set_T2DIV0;
C51 COMPILER V9.60.0.0   DELAY                                                             02/28/2020 16:12:19 PAGE 2   

  47   1          set_TR2;                                    //Start Timer2
  48   1          while (u32CNT != 0)
  49   1          {
  50   2      
  51   2              while (TF2 != 1);                       //Check Timer2 Time-Out Flag
  52   2              clr_TF2;
  53   2              u32CNT --;
  54   2          }
  55   1          clr_TR2;                                    //Stop Timer2
  56   1      }
  57          //------------------------------------------------------------------------------
  58          void Timer3_Delay100ms(UINT32 u32CNT)
  59          {
  60   1          T3CON = 0x07;                               //Timer3 Clock = Fsys/128
  61   1          set_TR3;                                    //Trigger Timer3
  62   1          while (u32CNT != 0)
  63   1          {
  64   2              RL3 = LOBYTE(TIMER_DIV128_VALUE_100ms); //Find  define in "Function_define.h" "TIMER VALUE"
*** ERROR C202 IN LINE 64 OF ..\..\material\N76E003_BSP_Keil_C51_V1.0.6\N76E003_BSP_Keil_C51_V1.0.6\Common\Delay.c: 'TIM
             -ER_DIV128_VALUE_100ms': undefined identifier
  65   2            
  66   2            //Check Timer3 Time-Out Flag
  67   2              clr_TF3;
  68   2              u32CNT --;
  69   2          }
  70   1          clr_TR3;                                    //Stop Timer3
  71   1      }
  72          //------------------------------------------------------------------------------
  73          void Timer3_Delay10us(UINT32 u32CNT)
  74          {
  75   1          T3CON = 0x07;                               //Timer3 Clock = Fsys/128
  76   1          set_TR3;                                    //Trigger Timer3
  77   1          while (u32CNT != 0)
  78   1          {
  79   2              RL3 = LOBYTE(TIMER_DIV4_VALUE_10us); //Find  define in "Function_define.h" "TIMER VALUE"
*** ERROR C202 IN LINE 79 OF ..\..\material\N76E003_BSP_Keil_C51_V1.0.6\N76E003_BSP_Keil_C51_V1.0.6\Common\Delay.c: 'TIM
             -ER_DIV4_VALUE_10us': undefined identifier
  80   2              
  81   2           //Check Timer3 Time-Out Flag
  82   2              clr_TF3;
  83   2              u32CNT --;
  84   2          }
  85   1          clr_TR3;                                    //Stop Timer3
  86   1      }

C51 COMPILATION COMPLETE.  0 WARNING(S),  2 ERROR(S)
