C51 COMPILER V9.60.0.0   LYT8051LEDBLINK                                                   03/04/2020 09:30:29 PAGE 1   


C51 COMPILER V9.60.0.0, COMPILATION OF MODULE LYT8051LEDBLINK
OBJECT MODULE PLACED IN .\Objects\lyt8051ledblink.obj
COMPILER INVOKED BY: C:\Keil_v5\C51\BIN\C51.EXE lyt8051ledblink.c OPTIMIZE(8,SPEED) BROWSE INCDIR(..\..\material\N76E003
                    -_BSP_Keil_C51_V1.0.6\N76E003_BSP_Keil_C51_V1.0.6\Include;..\CBAS) DEFINE(FOSC_16000) DEBUG OBJECTEXTEND PRINT(.\Listings
                    -\lyt8051ledblink.lst) TABS(2) OBJECT(.\Objects\lyt8051ledblink.obj)

line level    source

   1          /*-------------------------------------------------------------------------------------------*/
   2          // Ten file: lyt8051ledblink.c
   3          // Phien ban: v1, phien ban dau tien 
   4          // Nguoi Viet: Tran Hoang Duong
   5          // Ngay khoi dau: 27/02/2020
   6          // Ngay ket thuc: ...
   7          // Tinh trang: Da hoat dong
   8          // Ghi chu: File chuong trinh nhay led cua du an CBAS cho hoc vien
   9          /*-------------------------------------------------------------------------------------------*/
  10          
  11          #include "main.h"
  12          //khai bao bien toan cuc
  13          
  14          //khai bao nguyen mau ham`
  15          void fnCBAS8051Itr1ledblink ();
  16          void fnCBAS8051ItrItrregsetup ();
  17          void fn80517segledSenddt595(unsigned char,signed char );
  18          void fn8051Delay(signed char );
  19          unsigned char fnCBAS8051Button();
  20          char fnCBAS8051Modeselect();
  21          
  22          int main (){
  23   1          Set_All_GPIO_Quasi_Mode;
  24   1          fnCBAS8051ItrItrregsetup();
  25   1          do
  26   1            {
  27   2              //just wait...
  28   2              }while(fnCBAS8051Modeselect()==0);
  29   1        while(1){
  30   2          while(fnCBAS8051Modeselect()==1){
  31   3            while(changemode == 0){
  32   4              count += fnCBAS8051Button();
  33   4              fn80517segledSenddt595(vraGlb80517segledcharacter[count],1);
  34   4              fn8051Delay(10);
  35   4              if((pni8051ButtonSeclect)==0&(pni8051ButtonDown==0)) {
  36   5                 changemode = 1;  
  37   5                    }
  38   4                }
  39   3            }
  40   2        }
  41   1      }
  42          void  fnCBAS8051Itr1ledblink()interrupt 1{
  43   1          signed int vri8051LedblinkCount ;
  44   1          vri8051LedblinkCount++;
  45   1          if(vri8051LedblinkCount >2000){
  46   2          pnobl8051ledalert = ~pnobl8051ledalert;
  47   2          vri8051LedblinkCount = 0;
  48   2          }
  49   1      }
  50          void fnCBAS8051ItrItrregsetup (){
  51   1          TMOD = 0x02;
  52   1          TR0 = 1;
  53   1          TH0 = 0X00;
C51 COMPILER V9.60.0.0   LYT8051LEDBLINK                                                   03/04/2020 09:30:29 PAGE 2   

  54   1          TL0 = 0X00;
  55   1          //CKCON = 0x00;
  56   1          ET0= 1;
  57   1          EA = 1;
  58   1      }
  59          
  60          void fn8051Delay(signed char time){//delay 1ms
  61   1          signed int t;
  62   1          signed char c;
  63   1          for(c=0;c<time;c++){ 
  64   2             for(t=0;t<1600;t++){         
  65   3                  }
  66   2            }
  67   1      }   
  68          unsigned char fnCBAS8051Button(){
  69   1          if (pni8051ButtonDown==0){
  70   2            fn8051Delay(100);
  71   2            return -1;
  72   2              }
  73   1          /*if (pni8051ButtonSeclect==0){
  74   1            fn8051Delay(100);
  75   1            return 69;
  76   1              }*/
  77   1          if (pni8051ButtonUp==0){
  78   2            fn8051Delay(100);
  79   2            return 1;
  80   2              }     
  81   1          if ((pni8051ButtonUp==0)&&(pni8051ButtonSeclect==0)){
  82   2            fn8051Delay(100);
  83   2            return 3;
  84   2              }     
  85   1      /*      
  86   1      
  87   1      Other case
  88   1      
  89   1      */        
  90   1          else return 0;
  91   1      }
  92          char fnCBAS8051Modeselect(){
  93   1          signed char mode;
  94   1          do{
  95   2          fn80517segledSenddt595(0x92,1);
  96   2          fn8051Delay(3);
  97   2          fn80517segledSenddt595(0x06,2);
  98   2          fn8051Delay(3);
  99   2          fn80517segledSenddt595(0xcf,3);
 100   2          fn8051Delay(3);
 101   2          fn80517segledSenddt595(0x06,4);
 102   2          fn8051Delay(3);}while(pni8051ButtonSeclect!=0);
 103   1          fn8051Delay(100);
 104   1          do{
 105   2          mode += fnCBAS8051Button();
 106   2          fn80517segledSenddt595(vraGlb80517segledcharacter[0],3);
 107   2          fn8051Delay(5);
 108   2          fn80517segledSenddt595(vraGlb80517segledcharacter[mode],4);
 109   2          fn8051Delay(5);
 110   2          changemode=0;
 111   2          }while(pni8051ButtonSeclect!=0||changemode==1);
 112   1          return mode;
 113   1      }
 114          void fn80517segledSenddt595(unsigned char vruc80517segleddata,signed char vrc80517segselectled ){ //hien t
             -hi len led 7 thanh
C51 COMPILER V9.60.0.0   LYT8051LEDBLINK                                                   03/04/2020 09:30:29 PAGE 3   

 115   1          unsigned char i,Q;
 116   1          switch (vrc80517segselectled){
 117   2            case 1:
 118   2              pnobl80517segledCtr_L1 = 1;
 119   2              pnobl80517segledCtr_L2 = 0;
 120   2              pnobl80517segledCtr_L3 = 0;
 121   2              pnobl80517segledCtr_L4 = 0;
 122   2              break;
 123   2            case 2:
 124   2              pnobl80517segledCtr_L1 = 0;
 125   2              pnobl80517segledCtr_L2 = 1;
 126   2              pnobl80517segledCtr_L3 = 0;
 127   2              pnobl80517segledCtr_L4 = 0;
 128   2              break;
 129   2            case 3:
 130   2              pnobl80517segledCtr_L1 = 0;
 131   2              pnobl80517segledCtr_L2 = 0;
 132   2              pnobl80517segledCtr_L3 = 1;
 133   2              pnobl80517segledCtr_L4 = 0;
 134   2              break;
 135   2            case 4:
 136   2              pnobl80517segledCtr_L1 = 0;
 137   2              pnobl80517segledCtr_L2 = 0;
 138   2              pnobl80517segledCtr_L3 = 0;
 139   2              pnobl80517segledCtr_L4 = 1;
 140   2              break;
 141   2          }
 142   1          Q = vruc80517segleddata;
 143   1          for(i=0;i<8;i++){
 144   2            pnoGlb80517segmentSDI = Q & (0x80>>i);
 145   2            pnoGlb80517segmentCLK = 0;
 146   2            pnoGlb80517segmentCLK = 1;
 147   2            } 
 148   1          pnoGlb80517segmentSTR = 0; 
 149   1          pnoGlb80517segmentSTR = 1; //Chot hien thi du lieu
 150   1      }


MODULE INFORMATION:   STATIC OVERLAYABLE
   CODE SIZE        =    438    ----
   CONSTANT SIZE    =   ----    ----
   XDATA SIZE       =   ----    ----
   PDATA SIZE       =   ----    ----
   DATA SIZE        =     15       3
   IDATA SIZE       =   ----    ----
   BIT SIZE         =   ----    ----
END OF MODULE INFORMATION.


C51 COMPILATION COMPLETE.  0 WARNING(S),  0 ERROR(S)
